{"E:\\Laptop ASUS\\binar academy - FSW 23\\cp11\\service-games\\src\\database\\config\\config.js": {"path":"E:\\Laptop ASUS\\binar academy - FSW 23\\cp11\\service-games\\src\\database\\config\\config.js","statementMap":{"0":{"start":{"line":1,"column":0},"end":{"line":1,"column":27}},"1":{"start":{"line":3,"column":15},"end":{"line":37,"column":1}},"2":{"start":{"line":39,"column":0},"end":{"line":39,"column":24}}},"fnMap":{},"branchMap":{},"s":{"0":6,"1":6,"2":6},"f":{},"b":{},"_coverageSchema":"1a1c01bbd47fc00a2c39e90264f33305004495a9","hash":"c8c8dfe9c78624abfcb2850e0eaf311b7a07c4e7"}
,"E:\\Laptop ASUS\\binar academy - FSW 23\\cp11\\service-games\\src\\database\\models\\index.js": {"path":"E:\\Laptop ASUS\\binar academy - FSW 23\\cp11\\service-games\\src\\database\\models\\index.js","statementMap":{"0":{"start":{"line":3,"column":11},"end":{"line":3,"column":24}},"1":{"start":{"line":4,"column":13},"end":{"line":4,"column":28}},"2":{"start":{"line":5,"column":18},"end":{"line":5,"column":38}},"3":{"start":{"line":6,"column":17},"end":{"line":6,"column":42}},"4":{"start":{"line":7,"column":12},"end":{"line":7,"column":49}},"5":{"start":{"line":8,"column":15},"end":{"line":8,"column":63}},"6":{"start":{"line":9,"column":11},"end":{"line":9,"column":13}},"7":{"start":{"line":12,"column":0},"end":{"line":16,"column":1}},"8":{"start":{"line":13,"column":2},"end":{"line":13,"column":74}},"9":{"start":{"line":15,"column":2},"end":{"line":15,"column":87}},"10":{"start":{"line":18,"column":0},"end":{"line":26,"column":5}},"11":{"start":{"line":21,"column":4},"end":{"line":21,"column":90}},"12":{"start":{"line":24,"column":18},"end":{"line":24,"column":85}},"13":{"start":{"line":25,"column":4},"end":{"line":25,"column":27}},"14":{"start":{"line":28,"column":0},"end":{"line":32,"column":3}},"15":{"start":{"line":29,"column":2},"end":{"line":31,"column":3}},"16":{"start":{"line":30,"column":4},"end":{"line":30,"column":32}},"17":{"start":{"line":34,"column":0},"end":{"line":34,"column":25}},"18":{"start":{"line":35,"column":0},"end":{"line":35,"column":25}},"19":{"start":{"line":37,"column":0},"end":{"line":37,"column":20}}},"fnMap":{"0":{"name":"(anonymous_0)","decl":{"start":{"line":20,"column":10},"end":{"line":20,"column":11}},"loc":{"start":{"line":20,"column":18},"end":{"line":22,"column":3}},"line":20},"1":{"name":"(anonymous_1)","decl":{"start":{"line":23,"column":11},"end":{"line":23,"column":12}},"loc":{"start":{"line":23,"column":19},"end":{"line":26,"column":3}},"line":23},"2":{"name":"(anonymous_2)","decl":{"start":{"line":28,"column":24},"end":{"line":28,"column":25}},"loc":{"start":{"line":28,"column":37},"end":{"line":32,"column":1}},"line":28}},"branchMap":{"0":{"loc":{"start":{"line":7,"column":12},"end":{"line":7,"column":49}},"type":"binary-expr","locations":[{"start":{"line":7,"column":12},"end":{"line":7,"column":32}},{"start":{"line":7,"column":36},"end":{"line":7,"column":49}}],"line":7},"1":{"loc":{"start":{"line":12,"column":0},"end":{"line":16,"column":1}},"type":"if","locations":[{"start":{"line":12,"column":0},"end":{"line":16,"column":1}},{"start":{"line":14,"column":7},"end":{"line":16,"column":1}}],"line":12},"2":{"loc":{"start":{"line":21,"column":11},"end":{"line":21,"column":89}},"type":"binary-expr","locations":[{"start":{"line":21,"column":12},"end":{"line":21,"column":35}},{"start":{"line":21,"column":41},"end":{"line":21,"column":58}},{"start":{"line":21,"column":64},"end":{"line":21,"column":88}}],"line":21},"3":{"loc":{"start":{"line":29,"column":2},"end":{"line":31,"column":3}},"type":"if","locations":[{"start":{"line":29,"column":2},"end":{"line":31,"column":3}},{"start":{},"end":{}}],"line":29}},"s":{"0":6,"1":6,"2":6,"3":6,"4":6,"5":6,"6":6,"7":6,"8":0,"9":6,"10":6,"11":18,"12":12,"13":12,"14":6,"15":12,"16":12,"17":6,"18":6,"19":6},"f":{"0":18,"1":12,"2":12},"b":{"0":[6,0],"1":[0,6],"2":[18,18,12],"3":[12,0]},"_coverageSchema":"1a1c01bbd47fc00a2c39e90264f33305004495a9","hash":"4ebcb8e16aba5d9bd9130051c6787aaefffb38e4"}
,"E:\\Laptop ASUS\\binar academy - FSW 23\\cp11\\service-games\\src\\database\\models\\room.js": {"path":"E:\\Laptop ASUS\\binar academy - FSW 23\\cp11\\service-games\\src\\database\\models\\room.js","statementMap":{"0":{"start":{"line":4,"column":4},"end":{"line":4,"column":24}},"1":{"start":{"line":5,"column":0},"end":{"line":32,"column":2}},"2":{"start":{"line":16,"column":2},"end":{"line":30,"column":5}},"3":{"start":{"line":31,"column":2},"end":{"line":31,"column":14}}},"fnMap":{"0":{"name":"(anonymous_0)","decl":{"start":{"line":5,"column":17},"end":{"line":5,"column":18}},"loc":{"start":{"line":5,"column":43},"end":{"line":32,"column":1}},"line":5},"1":{"name":"(anonymous_1)","decl":{"start":{"line":12,"column":4},"end":{"line":12,"column":5}},"loc":{"start":{"line":12,"column":29},"end":{"line":14,"column":5}},"line":12}},"branchMap":{},"s":{"0":6,"1":6,"2":6,"3":6},"f":{"0":6,"1":6},"b":{},"_coverageSchema":"1a1c01bbd47fc00a2c39e90264f33305004495a9","hash":"3b6c098f36be1c12696db4751c57e4787423747f"}
,"E:\\Laptop ASUS\\binar academy - FSW 23\\cp11\\service-games\\src\\database\\models\\user.js": {"path":"E:\\Laptop ASUS\\binar academy - FSW 23\\cp11\\service-games\\src\\database\\models\\user.js","statementMap":{"0":{"start":{"line":4,"column":4},"end":{"line":4,"column":24}},"1":{"start":{"line":6,"column":0},"end":{"line":33,"column":2}},"2":{"start":{"line":17,"column":2},"end":{"line":31,"column":5}},"3":{"start":{"line":32,"column":2},"end":{"line":32,"column":14}}},"fnMap":{"0":{"name":"(anonymous_0)","decl":{"start":{"line":6,"column":17},"end":{"line":6,"column":18}},"loc":{"start":{"line":6,"column":43},"end":{"line":33,"column":1}},"line":6},"1":{"name":"(anonymous_1)","decl":{"start":{"line":13,"column":4},"end":{"line":13,"column":5}},"loc":{"start":{"line":13,"column":29},"end":{"line":15,"column":5}},"line":13}},"branchMap":{},"s":{"0":6,"1":6,"2":6,"3":6},"f":{"0":6,"1":6},"b":{},"_coverageSchema":"1a1c01bbd47fc00a2c39e90264f33305004495a9","hash":"11abbe54ac7dde06ee555df8bdbe490a582d6b9b"}
,"E:\\Laptop ASUS\\binar academy - FSW 23\\cp11\\service-games\\src\\leaderboard\\leaderboard.repository.js": {"path":"E:\\Laptop ASUS\\binar academy - FSW 23\\cp11\\service-games\\src\\leaderboard\\leaderboard.repository.js","statementMap":{"0":{"start":{"line":1,"column":17},"end":{"line":1,"column":46}},"1":{"start":{"line":3,"column":19},"end":{"line":7,"column":1}},"2":{"start":{"line":4,"column":4},"end":{"line":6,"column":6}},"3":{"start":{"line":9,"column":24},"end":{"line":11,"column":1}},"4":{"start":{"line":13,"column":0},"end":{"line":13,"column":33}}},"fnMap":{"0":{"name":"(anonymous_0)","decl":{"start":{"line":3,"column":19},"end":{"line":3,"column":20}},"loc":{"start":{"line":3,"column":31},"end":{"line":7,"column":1}},"line":3}},"branchMap":{},"s":{"0":1,"1":1,"2":1,"3":1,"4":1},"f":{"0":1},"b":{},"_coverageSchema":"1a1c01bbd47fc00a2c39e90264f33305004495a9","hash":"8e041f47cfb1ca27b309e61275b4a8b758c608a4"}
,"E:\\Laptop ASUS\\binar academy - FSW 23\\cp11\\service-games\\src\\room\\room.repo.js": {"path":"E:\\Laptop ASUS\\binar academy - FSW 23\\cp11\\service-games\\src\\room\\room.repo.js","statementMap":{"0":{"start":{"line":1,"column":17},"end":{"line":1,"column":46}},"1":{"start":{"line":3,"column":25},"end":{"line":7,"column":1}},"2":{"start":{"line":4,"column":2},"end":{"line":6,"column":5}},"3":{"start":{"line":9,"column":19},"end":{"line":16,"column":1}},"4":{"start":{"line":10,"column":19},"end":{"line":10,"column":43}},"5":{"start":{"line":11,"column":2},"end":{"line":15,"column":5}},"6":{"start":{"line":18,"column":19},"end":{"line":45,"column":1}},"7":{"start":{"line":28,"column":2},"end":{"line":44,"column":4}},"8":{"start":{"line":47,"column":24},"end":{"line":59,"column":1}},"9":{"start":{"line":48,"column":2},"end":{"line":58,"column":4}},"10":{"start":{"line":61,"column":19},"end":{"line":63,"column":1}},"11":{"start":{"line":62,"column":2},"end":{"line":62,"column":30}},"12":{"start":{"line":65,"column":17},"end":{"line":67,"column":1}},"13":{"start":{"line":66,"column":2},"end":{"line":66,"column":37}},"14":{"start":{"line":69,"column":17},"end":{"line":76,"column":1}},"15":{"start":{"line":78,"column":0},"end":{"line":78,"column":26}},"16":{"start":{"line":82,"column":25},"end":{"line":92,"column":1}},"17":{"start":{"line":86,"column":2},"end":{"line":89,"column":17}},"18":{"start":{"line":87,"column":4},"end":{"line":87,"column":36}},"19":{"start":{"line":88,"column":4},"end":{"line":88,"column":57}},"20":{"start":{"line":91,"column":2},"end":{"line":91,"column":18}},"21":{"start":{"line":100,"column":17},"end":{"line":100,"column":18}},"22":{"start":{"line":102,"column":15},"end":{"line":102,"column":17}},"23":{"start":{"line":103,"column":21},"end":{"line":103,"column":49}},"24":{"start":{"line":104,"column":25},"end":{"line":104,"column":42}},"25":{"start":{"line":105,"column":2},"end":{"line":108,"column":3}},"26":{"start":{"line":105,"column":15},"end":{"line":105,"column":16}},"27":{"start":{"line":106,"column":4},"end":{"line":107,"column":25}},"28":{"start":{"line":109,"column":2},"end":{"line":109,"column":16}}},"fnMap":{"0":{"name":"(anonymous_0)","decl":{"start":{"line":3,"column":25},"end":{"line":3,"column":26}},"loc":{"start":{"line":3,"column":49},"end":{"line":7,"column":1}},"line":3},"1":{"name":"(anonymous_1)","decl":{"start":{"line":9,"column":19},"end":{"line":9,"column":20}},"loc":{"start":{"line":9,"column":55},"end":{"line":16,"column":1}},"line":9},"2":{"name":"(anonymous_2)","decl":{"start":{"line":18,"column":19},"end":{"line":18,"column":20}},"loc":{"start":{"line":27,"column":5},"end":{"line":45,"column":1}},"line":27},"3":{"name":"(anonymous_3)","decl":{"start":{"line":47,"column":24},"end":{"line":47,"column":25}},"loc":{"start":{"line":47,"column":55},"end":{"line":59,"column":1}},"line":47},"4":{"name":"(anonymous_4)","decl":{"start":{"line":61,"column":19},"end":{"line":61,"column":20}},"loc":{"start":{"line":61,"column":31},"end":{"line":63,"column":1}},"line":61},"5":{"name":"(anonymous_5)","decl":{"start":{"line":65,"column":17},"end":{"line":65,"column":18}},"loc":{"start":{"line":65,"column":35},"end":{"line":67,"column":1}},"line":65},"6":{"name":"(anonymous_6)","decl":{"start":{"line":82,"column":25},"end":{"line":82,"column":26}},"loc":{"start":{"line":82,"column":37},"end":{"line":92,"column":1}},"line":82},"7":{"name":"createRandomString","decl":{"start":{"line":99,"column":9},"end":{"line":99,"column":27}},"loc":{"start":{"line":99,"column":30},"end":{"line":110,"column":1}},"line":99}},"branchMap":{},"s":{"0":2,"1":2,"2":4,"3":2,"4":2,"5":2,"6":2,"7":2,"8":2,"9":2,"10":2,"11":2,"12":2,"13":8,"14":2,"15":2,"16":2,"17":2,"18":2,"19":2,"20":2,"21":2,"22":2,"23":2,"24":2,"25":2,"26":2,"27":10,"28":2},"f":{"0":4,"1":2,"2":2,"3":2,"4":2,"5":8,"6":2,"7":2},"b":{},"_coverageSchema":"1a1c01bbd47fc00a2c39e90264f33305004495a9","hash":"49a941dd3fe62b3de3922e89f55badca44b841b2"}
,"E:\\Laptop ASUS\\binar academy - FSW 23\\cp11\\service-games\\src\\room\\room.service.js": {"path":"E:\\Laptop ASUS\\binar academy - FSW 23\\cp11\\service-games\\src\\room\\room.service.js","statementMap":{"0":{"start":{"line":1,"column":17},"end":{"line":1,"column":39}},"1":{"start":{"line":3,"column":19},"end":{"line":17,"column":1}},"2":{"start":{"line":4,"column":2},"end":{"line":16,"column":5}},"3":{"start":{"line":5,"column":4},"end":{"line":15,"column":5}},"4":{"start":{"line":6,"column":22},"end":{"line":8,"column":8}},"5":{"start":{"line":9,"column":6},"end":{"line":9,"column":23}},"6":{"start":{"line":11,"column":20},"end":{"line":11,"column":63}},"7":{"start":{"line":12,"column":6},"end":{"line":12,"column":21}},"8":{"start":{"line":13,"column":6},"end":{"line":13,"column":23}},"9":{"start":{"line":14,"column":6},"end":{"line":14,"column":20}},"10":{"start":{"line":19,"column":19},"end":{"line":30,"column":1}},"11":{"start":{"line":20,"column":2},"end":{"line":29,"column":5}},"12":{"start":{"line":21,"column":17},"end":{"line":21,"column":44}},"13":{"start":{"line":22,"column":4},"end":{"line":28,"column":5}},"14":{"start":{"line":23,"column":6},"end":{"line":23,"column":20}},"15":{"start":{"line":25,"column":20},"end":{"line":25,"column":46}},"16":{"start":{"line":26,"column":6},"end":{"line":26,"column":23}},"17":{"start":{"line":27,"column":6},"end":{"line":27,"column":20}},"18":{"start":{"line":32,"column":17},"end":{"line":43,"column":1}},"19":{"start":{"line":33,"column":2},"end":{"line":42,"column":5}},"20":{"start":{"line":34,"column":17},"end":{"line":34,"column":48}},"21":{"start":{"line":35,"column":4},"end":{"line":41,"column":5}},"22":{"start":{"line":36,"column":6},"end":{"line":36,"column":20}},"23":{"start":{"line":38,"column":20},"end":{"line":38,"column":47}},"24":{"start":{"line":39,"column":6},"end":{"line":39,"column":23}},"25":{"start":{"line":40,"column":6},"end":{"line":40,"column":20}},"26":{"start":{"line":45,"column":18},"end":{"line":56,"column":1}},"27":{"start":{"line":46,"column":2},"end":{"line":55,"column":5}},"28":{"start":{"line":47,"column":17},"end":{"line":47,"column":62}},"29":{"start":{"line":48,"column":4},"end":{"line":54,"column":5}},"30":{"start":{"line":49,"column":6},"end":{"line":49,"column":20}},"31":{"start":{"line":51,"column":20},"end":{"line":51,"column":47}},"32":{"start":{"line":52,"column":6},"end":{"line":52,"column":23}},"33":{"start":{"line":53,"column":6},"end":{"line":53,"column":20}},"34":{"start":{"line":58,"column":19},"end":{"line":94,"column":1}},"35":{"start":{"line":68,"column":2},"end":{"line":93,"column":5}},"36":{"start":{"line":69,"column":4},"end":{"line":92,"column":5}},"37":{"start":{"line":70,"column":19},"end":{"line":79,"column":7}},"38":{"start":{"line":80,"column":6},"end":{"line":86,"column":7}},"39":{"start":{"line":81,"column":8},"end":{"line":81,"column":22}},"40":{"start":{"line":83,"column":22},"end":{"line":83,"column":49}},"41":{"start":{"line":84,"column":8},"end":{"line":84,"column":25}},"42":{"start":{"line":85,"column":8},"end":{"line":85,"column":22}},"43":{"start":{"line":88,"column":20},"end":{"line":88,"column":61}},"44":{"start":{"line":89,"column":6},"end":{"line":89,"column":21}},"45":{"start":{"line":90,"column":6},"end":{"line":90,"column":23}},"46":{"start":{"line":91,"column":6},"end":{"line":91,"column":20}},"47":{"start":{"line":96,"column":24},"end":{"line":114,"column":1}},"48":{"start":{"line":97,"column":2},"end":{"line":113,"column":5}},"49":{"start":{"line":98,"column":4},"end":{"line":112,"column":5}},"50":{"start":{"line":99,"column":19},"end":{"line":99,"column":70}},"51":{"start":{"line":100,"column":6},"end":{"line":106,"column":7}},"52":{"start":{"line":101,"column":8},"end":{"line":101,"column":22}},"53":{"start":{"line":103,"column":22},"end":{"line":103,"column":49}},"54":{"start":{"line":104,"column":8},"end":{"line":104,"column":25}},"55":{"start":{"line":105,"column":8},"end":{"line":105,"column":22}},"56":{"start":{"line":108,"column":20},"end":{"line":108,"column":61}},"57":{"start":{"line":109,"column":6},"end":{"line":109,"column":21}},"58":{"start":{"line":110,"column":6},"end":{"line":110,"column":23}},"59":{"start":{"line":111,"column":6},"end":{"line":111,"column":20}},"60":{"start":{"line":116,"column":20},"end":{"line":123,"column":1}},"61":{"start":{"line":125,"column":0},"end":{"line":125,"column":29}}},"fnMap":{"0":{"name":"(anonymous_0)","decl":{"start":{"line":3,"column":19},"end":{"line":3,"column":20}},"loc":{"start":{"line":3,"column":55},"end":{"line":17,"column":1}},"line":3},"1":{"name":"(anonymous_1)","decl":{"start":{"line":4,"column":21},"end":{"line":4,"column":22}},"loc":{"start":{"line":4,"column":48},"end":{"line":16,"column":3}},"line":4},"2":{"name":"(anonymous_2)","decl":{"start":{"line":19,"column":19},"end":{"line":19,"column":20}},"loc":{"start":{"line":19,"column":31},"end":{"line":30,"column":1}},"line":19},"3":{"name":"(anonymous_3)","decl":{"start":{"line":20,"column":21},"end":{"line":20,"column":22}},"loc":{"start":{"line":20,"column":48},"end":{"line":29,"column":3}},"line":20},"4":{"name":"(anonymous_4)","decl":{"start":{"line":32,"column":17},"end":{"line":32,"column":18}},"loc":{"start":{"line":32,"column":35},"end":{"line":43,"column":1}},"line":32},"5":{"name":"(anonymous_5)","decl":{"start":{"line":33,"column":21},"end":{"line":33,"column":22}},"loc":{"start":{"line":33,"column":48},"end":{"line":42,"column":3}},"line":33},"6":{"name":"(anonymous_6)","decl":{"start":{"line":45,"column":18},"end":{"line":45,"column":19}},"loc":{"start":{"line":45,"column":42},"end":{"line":56,"column":1}},"line":45},"7":{"name":"(anonymous_7)","decl":{"start":{"line":46,"column":21},"end":{"line":46,"column":22}},"loc":{"start":{"line":46,"column":48},"end":{"line":55,"column":3}},"line":46},"8":{"name":"(anonymous_8)","decl":{"start":{"line":58,"column":19},"end":{"line":58,"column":20}},"loc":{"start":{"line":67,"column":5},"end":{"line":94,"column":1}},"line":67},"9":{"name":"(anonymous_9)","decl":{"start":{"line":68,"column":21},"end":{"line":68,"column":22}},"loc":{"start":{"line":68,"column":48},"end":{"line":93,"column":3}},"line":68},"10":{"name":"(anonymous_10)","decl":{"start":{"line":96,"column":24},"end":{"line":96,"column":25}},"loc":{"start":{"line":96,"column":55},"end":{"line":114,"column":1}},"line":96},"11":{"name":"(anonymous_11)","decl":{"start":{"line":97,"column":21},"end":{"line":97,"column":22}},"loc":{"start":{"line":97,"column":48},"end":{"line":113,"column":3}},"line":97}},"branchMap":{"0":{"loc":{"start":{"line":22,"column":4},"end":{"line":28,"column":5}},"type":"if","locations":[{"start":{"line":22,"column":4},"end":{"line":28,"column":5}},{"start":{"line":24,"column":11},"end":{"line":28,"column":5}}],"line":22},"1":{"loc":{"start":{"line":35,"column":4},"end":{"line":41,"column":5}},"type":"if","locations":[{"start":{"line":35,"column":4},"end":{"line":41,"column":5}},{"start":{"line":37,"column":11},"end":{"line":41,"column":5}}],"line":35},"2":{"loc":{"start":{"line":48,"column":4},"end":{"line":54,"column":5}},"type":"if","locations":[{"start":{"line":48,"column":4},"end":{"line":54,"column":5}},{"start":{"line":50,"column":11},"end":{"line":54,"column":5}}],"line":48},"3":{"loc":{"start":{"line":80,"column":6},"end":{"line":86,"column":7}},"type":"if","locations":[{"start":{"line":80,"column":6},"end":{"line":86,"column":7}},{"start":{"line":82,"column":13},"end":{"line":86,"column":7}}],"line":80},"4":{"loc":{"start":{"line":100,"column":6},"end":{"line":106,"column":7}},"type":"if","locations":[{"start":{"line":100,"column":6},"end":{"line":106,"column":7}},{"start":{"line":102,"column":13},"end":{"line":106,"column":7}}],"line":100}},"s":{"0":1,"1":1,"2":2,"3":2,"4":2,"5":1,"6":1,"7":1,"8":1,"9":1,"10":1,"11":2,"12":2,"13":2,"14":1,"15":1,"16":1,"17":1,"18":1,"19":1,"20":1,"21":1,"22":1,"23":0,"24":0,"25":0,"26":1,"27":2,"28":2,"29":2,"30":1,"31":1,"32":1,"33":1,"34":1,"35":1,"36":1,"37":1,"38":1,"39":1,"40":0,"41":0,"42":0,"43":0,"44":0,"45":0,"46":0,"47":1,"48":1,"49":1,"50":1,"51":1,"52":1,"53":0,"54":0,"55":0,"56":0,"57":0,"58":0,"59":0,"60":1,"61":1},"f":{"0":2,"1":2,"2":2,"3":2,"4":1,"5":1,"6":2,"7":2,"8":1,"9":1,"10":1,"11":1},"b":{"0":[1,1],"1":[1,0],"2":[1,1],"3":[1,0],"4":[1,0]},"_coverageSchema":"1a1c01bbd47fc00a2c39e90264f33305004495a9","hash":"e52a5f0ef906c451b893f2f46f648b9bd31a42e7"}
,"E:\\Laptop ASUS\\binar academy - FSW 23\\cp11\\service-games\\src\\user\\user.controller.js": {"path":"E:\\Laptop ASUS\\binar academy - FSW 23\\cp11\\service-games\\src\\user\\user.controller.js","statementMap":{"0":{"start":{"line":1,"column":20},"end":{"line":1,"column":48}},"1":{"start":{"line":2,"column":20},"end":{"line":2,"column":45}},"2":{"start":{"line":4,"column":19},"end":{"line":17,"column":1}},"3":{"start":{"line":5,"column":40},"end":{"line":5,"column":48}},"4":{"start":{"line":6,"column":2},"end":{"line":16,"column":3}},"5":{"start":{"line":7,"column":20},"end":{"line":11,"column":6}},"6":{"start":{"line":12,"column":4},"end":{"line":12,"column":41}},"7":{"start":{"line":14,"column":4},"end":{"line":14,"column":23}},"8":{"start":{"line":15,"column":4},"end":{"line":15,"column":71}},"9":{"start":{"line":19,"column":23},"end":{"line":29,"column":1}},"10":{"start":{"line":20,"column":17},"end":{"line":20,"column":28}},"11":{"start":{"line":21,"column":2},"end":{"line":28,"column":3}},"12":{"start":{"line":22,"column":27},"end":{"line":24,"column":6}},"13":{"start":{"line":25,"column":4},"end":{"line":25,"column":48}},"14":{"start":{"line":27,"column":4},"end":{"line":27,"column":71}},"15":{"start":{"line":31,"column":19},"end":{"line":45,"column":1}},"16":{"start":{"line":32,"column":17},"end":{"line":32,"column":28}},"17":{"start":{"line":33,"column":40},"end":{"line":33,"column":48}},"18":{"start":{"line":34,"column":2},"end":{"line":44,"column":3}},"19":{"start":{"line":35,"column":27},"end":{"line":40,"column":6}},"20":{"start":{"line":41,"column":4},"end":{"line":41,"column":48}},"21":{"start":{"line":43,"column":4},"end":{"line":43,"column":71}},"22":{"start":{"line":47,"column":22},"end":{"line":59,"column":1}},"23":{"start":{"line":48,"column":40},"end":{"line":48,"column":48}},"24":{"start":{"line":49,"column":2},"end":{"line":51,"column":3}},"25":{"start":{"line":50,"column":4},"end":{"line":50,"column":71}},"26":{"start":{"line":52,"column":17},"end":{"line":52,"column":36}},"27":{"start":{"line":53,"column":2},"end":{"line":58,"column":3}},"28":{"start":{"line":54,"column":26},"end":{"line":54,"column":94}},"29":{"start":{"line":55,"column":4},"end":{"line":55,"column":47}},"30":{"start":{"line":57,"column":4},"end":{"line":57,"column":71}},"31":{"start":{"line":61,"column":23},"end":{"line":66,"column":1}},"32":{"start":{"line":68,"column":0},"end":{"line":68,"column":32}}},"fnMap":{"0":{"name":"(anonymous_0)","decl":{"start":{"line":4,"column":19},"end":{"line":4,"column":20}},"loc":{"start":{"line":4,"column":39},"end":{"line":17,"column":1}},"line":4},"1":{"name":"(anonymous_1)","decl":{"start":{"line":19,"column":23},"end":{"line":19,"column":24}},"loc":{"start":{"line":19,"column":43},"end":{"line":29,"column":1}},"line":19},"2":{"name":"(anonymous_2)","decl":{"start":{"line":31,"column":19},"end":{"line":31,"column":20}},"loc":{"start":{"line":31,"column":39},"end":{"line":45,"column":1}},"line":31},"3":{"name":"(anonymous_3)","decl":{"start":{"line":47,"column":22},"end":{"line":47,"column":23}},"loc":{"start":{"line":47,"column":42},"end":{"line":59,"column":1}},"line":47}},"branchMap":{"0":{"loc":{"start":{"line":49,"column":2},"end":{"line":51,"column":3}},"type":"if","locations":[{"start":{"line":49,"column":2},"end":{"line":51,"column":3}},{"start":{},"end":{}}],"line":49}},"s":{"0":1,"1":1,"2":1,"3":2,"4":2,"5":2,"6":1,"7":1,"8":1,"9":1,"10":2,"11":2,"12":2,"13":1,"14":1,"15":1,"16":2,"17":2,"18":2,"19":2,"20":1,"21":1,"22":1,"23":3,"24":3,"25":1,"26":2,"27":2,"28":2,"29":1,"30":1,"31":1,"32":1},"f":{"0":2,"1":2,"2":2,"3":3},"b":{"0":[1,2]},"_coverageSchema":"1a1c01bbd47fc00a2c39e90264f33305004495a9","hash":"6d7ae89bfd2c71623ff9a2017083114df34715bd"}
,"E:\\Laptop ASUS\\binar academy - FSW 23\\cp11\\service-games\\src\\user\\user.repository.js": {"path":"E:\\Laptop ASUS\\binar academy - FSW 23\\cp11\\service-games\\src\\user\\user.repository.js","statementMap":{"0":{"start":{"line":1,"column":17},"end":{"line":1,"column":39}},"1":{"start":{"line":2,"column":17},"end":{"line":2,"column":46}},"2":{"start":{"line":4,"column":19},"end":{"line":15,"column":1}},"3":{"start":{"line":5,"column":23},"end":{"line":5,"column":74}},"4":{"start":{"line":6,"column":2},"end":{"line":14,"column":3}},"5":{"start":{"line":7,"column":4},"end":{"line":11,"column":7}},"6":{"start":{"line":13,"column":4},"end":{"line":13,"column":19}},"7":{"start":{"line":17,"column":16},"end":{"line":19,"column":1}},"8":{"start":{"line":18,"column":2},"end":{"line":18,"column":62}},"9":{"start":{"line":21,"column":21},"end":{"line":23,"column":1}},"10":{"start":{"line":22,"column":2},"end":{"line":22,"column":61}},"11":{"start":{"line":25,"column":23},"end":{"line":27,"column":1}},"12":{"start":{"line":26,"column":2},"end":{"line":26,"column":62}},"13":{"start":{"line":29,"column":19},"end":{"line":43,"column":1}},"14":{"start":{"line":30,"column":2},"end":{"line":42,"column":4}},"15":{"start":{"line":45,"column":23},"end":{"line":57,"column":1}},"16":{"start":{"line":46,"column":2},"end":{"line":56,"column":4}},"17":{"start":{"line":59,"column":23},"end":{"line":66,"column":1}},"18":{"start":{"line":68,"column":0},"end":{"line":68,"column":32}}},"fnMap":{"0":{"name":"(anonymous_0)","decl":{"start":{"line":4,"column":19},"end":{"line":4,"column":20}},"loc":{"start":{"line":4,"column":60},"end":{"line":15,"column":1}},"line":4},"1":{"name":"(anonymous_1)","decl":{"start":{"line":17,"column":16},"end":{"line":17,"column":17}},"loc":{"start":{"line":17,"column":38},"end":{"line":19,"column":1}},"line":17},"2":{"name":"(anonymous_2)","decl":{"start":{"line":21,"column":21},"end":{"line":21,"column":22}},"loc":{"start":{"line":21,"column":42},"end":{"line":23,"column":1}},"line":21},"3":{"name":"(anonymous_3)","decl":{"start":{"line":25,"column":23},"end":{"line":25,"column":24}},"loc":{"start":{"line":25,"column":45},"end":{"line":27,"column":1}},"line":25},"4":{"name":"(anonymous_4)","decl":{"start":{"line":29,"column":19},"end":{"line":29,"column":20}},"loc":{"start":{"line":29,"column":68},"end":{"line":43,"column":1}},"line":29},"5":{"name":"(anonymous_5)","decl":{"start":{"line":45,"column":23},"end":{"line":45,"column":24}},"loc":{"start":{"line":45,"column":55},"end":{"line":57,"column":1}},"line":45}},"branchMap":{"0":{"loc":{"start":{"line":6,"column":2},"end":{"line":14,"column":3}},"type":"if","locations":[{"start":{"line":6,"column":2},"end":{"line":14,"column":3}},{"start":{"line":12,"column":9},"end":{"line":14,"column":3}}],"line":6}},"s":{"0":3,"1":3,"2":3,"3":4,"4":4,"5":2,"6":2,"7":3,"8":1,"9":3,"10":1,"11":3,"12":4,"13":3,"14":2,"15":3,"16":2,"17":3,"18":3},"f":{"0":4,"1":1,"2":1,"3":4,"4":2,"5":2},"b":{"0":[2,2]},"_coverageSchema":"1a1c01bbd47fc00a2c39e90264f33305004495a9","hash":"e7d78013653fe064a081ccac0a6038b18e2946cc"}
,"E:\\Laptop ASUS\\binar academy - FSW 23\\cp11\\service-games\\src\\user\\user.service.js": {"path":"E:\\Laptop ASUS\\binar academy - FSW 23\\cp11\\service-games\\src\\user\\user.service.js","statementMap":{"0":{"start":{"line":1,"column":17},"end":{"line":1,"column":45}},"1":{"start":{"line":2,"column":15},"end":{"line":2,"column":32}},"2":{"start":{"line":3,"column":18},"end":{"line":3,"column":20}},"3":{"start":{"line":5,"column":19},"end":{"line":13,"column":1}},"4":{"start":{"line":6,"column":23},"end":{"line":6,"column":61}},"5":{"start":{"line":8,"column":2},"end":{"line":12,"column":5}},"6":{"start":{"line":15,"column":23},"end":{"line":19,"column":1}},"7":{"start":{"line":16,"column":2},"end":{"line":18,"column":5}},"8":{"start":{"line":21,"column":19},"end":{"line":29,"column":1}},"9":{"start":{"line":22,"column":23},"end":{"line":22,"column":61}},"10":{"start":{"line":23,"column":2},"end":{"line":28,"column":5}},"11":{"start":{"line":31,"column":22},"end":{"line":37,"column":1}},"12":{"start":{"line":32,"column":23},"end":{"line":32,"column":61}},"13":{"start":{"line":33,"column":2},"end":{"line":36,"column":5}},"14":{"start":{"line":39,"column":20},"end":{"line":44,"column":1}},"15":{"start":{"line":46,"column":0},"end":{"line":46,"column":29}}},"fnMap":{"0":{"name":"(anonymous_0)","decl":{"start":{"line":5,"column":19},"end":{"line":5,"column":20}},"loc":{"start":{"line":5,"column":60},"end":{"line":13,"column":1}},"line":5},"1":{"name":"(anonymous_1)","decl":{"start":{"line":15,"column":23},"end":{"line":15,"column":24}},"loc":{"start":{"line":15,"column":45},"end":{"line":19,"column":1}},"line":15},"2":{"name":"(anonymous_2)","decl":{"start":{"line":21,"column":19},"end":{"line":21,"column":20}},"loc":{"start":{"line":21,"column":68},"end":{"line":29,"column":1}},"line":21},"3":{"name":"(anonymous_3)","decl":{"start":{"line":31,"column":22},"end":{"line":31,"column":23}},"loc":{"start":{"line":31,"column":71},"end":{"line":37,"column":1}},"line":31}},"branchMap":{},"s":{"0":2,"1":2,"2":2,"3":2,"4":1,"5":1,"6":2,"7":1,"8":2,"9":1,"10":1,"11":2,"12":1,"13":1,"14":2,"15":2},"f":{"0":1,"1":1,"2":1,"3":1},"b":{},"_coverageSchema":"1a1c01bbd47fc00a2c39e90264f33305004495a9","hash":"e11ef51f59df42f3974430f24ad0e5ee4decdf5e"}
}
